..\..\../supertuxkart_d.ilk
..\..\../supertuxkart_d.pdb
C:\Users\muahoatram\Desktop\supertuxkart\src\ide\vc10\..\..\../supertuxkart_d.exe
C:\USERS\MUAHOATRAM\DESKTOP\SUPERTUXKART\SRC\IDE\VC10\DEBUG\ABSTRACT_KART.OBJ
C:\USERS\MUAHOATRAM\DESKTOP\SUPERTUXKART\SRC\IDE\VC10\DEBUG\ABSTRACT_KART_ANIMATION.OBJ
C:\USERS\MUAHOATRAM\DESKTOP\SUPERTUXKART\SRC\IDE\VC10\DEBUG\ABSTRACT_STATE_MANAGER.OBJ
C:\USERS\MUAHOATRAM\DESKTOP\SUPERTUXKART\SRC\IDE\VC10\DEBUG\ABSTRACT_TOP_LEVEL_CONTAINER.OBJ
C:\USERS\MUAHOATRAM\DESKTOP\SUPERTUXKART\SRC\IDE\VC10\DEBUG\ADD_DEVICE_DIALOG.OBJ
C:\USERS\MUAHOATRAM\DESKTOP\SUPERTUXKART\SRC\IDE\VC10\DEBUG\ADDON.OBJ
C:\USERS\MUAHOATRAM\DESKTOP\SUPERTUXKART\SRC\IDE\VC10\DEBUG\ADDONS_LOADING.OBJ
C:\USERS\MUAHOATRAM\DESKTOP\SUPERTUXKART\SRC\IDE\VC10\DEBUG\ADDONS_MANAGER.OBJ
C:\USERS\MUAHOATRAM\DESKTOP\SUPERTUXKART\SRC\IDE\VC10\DEBUG\ADDONS_SCREEN.OBJ
C:\USERS\MUAHOATRAM\DESKTOP\SUPERTUXKART\SRC\IDE\VC10\DEBUG\AI_BASE_CONTROLLER.OBJ
C:\USERS\MUAHOATRAM\DESKTOP\SUPERTUXKART\SRC\IDE\VC10\DEBUG\AI_PROPERTIES.OBJ
C:\USERS\MUAHOATRAM\DESKTOP\SUPERTUXKART\SRC\IDE\VC10\DEBUG\AMBIENT_LIGHT_SPHERE.OBJ
C:\USERS\MUAHOATRAM\DESKTOP\SUPERTUXKART\SRC\IDE\VC10\DEBUG\ANIMATION_BASE.OBJ
C:\USERS\MUAHOATRAM\DESKTOP\SUPERTUXKART\SRC\IDE\VC10\DEBUG\ARENAS_SCREEN.OBJ
C:\USERS\MUAHOATRAM\DESKTOP\SUPERTUXKART\SRC\IDE\VC10\DEBUG\ATTACHMENT.OBJ
C:\USERS\MUAHOATRAM\DESKTOP\SUPERTUXKART\SRC\IDE\VC10\DEBUG\ATTACHMENT_MANAGER.OBJ
C:\USERS\MUAHOATRAM\DESKTOP\SUPERTUXKART\SRC\IDE\VC10\DEBUG\BEZIER_CURVE.OBJ
C:\USERS\MUAHOATRAM\DESKTOP\SUPERTUXKART\SRC\IDE\VC10\DEBUG\BILLBOARD_ANIMATION.OBJ
C:\USERS\MUAHOATRAM\DESKTOP\SUPERTUXKART\SRC\IDE\VC10\DEBUG\BINDING.OBJ
C:\USERS\MUAHOATRAM\DESKTOP\SUPERTUXKART\SRC\IDE\VC10\DEBUG\BOWLING.OBJ
C:\USERS\MUAHOATRAM\DESKTOP\SUPERTUXKART\SRC\IDE\VC10\DEBUG\BTACTIVATINGCOLLISIONALGORITHM.OBJ
C:\USERS\MUAHOATRAM\DESKTOP\SUPERTUXKART\SRC\IDE\VC10\DEBUG\BTALIGNEDALLOCATOR.OBJ
C:\USERS\MUAHOATRAM\DESKTOP\SUPERTUXKART\SRC\IDE\VC10\DEBUG\BTAXISSWEEP3.OBJ
C:\USERS\MUAHOATRAM\DESKTOP\SUPERTUXKART\SRC\IDE\VC10\DEBUG\BTBOX2DBOX2DCOLLISIONALGORITHM.OBJ
C:\USERS\MUAHOATRAM\DESKTOP\SUPERTUXKART\SRC\IDE\VC10\DEBUG\BTBOX2DSHAPE.OBJ
C:\USERS\MUAHOATRAM\DESKTOP\SUPERTUXKART\SRC\IDE\VC10\DEBUG\BTBOXBOXCOLLISIONALGORITHM.OBJ
C:\USERS\MUAHOATRAM\DESKTOP\SUPERTUXKART\SRC\IDE\VC10\DEBUG\BTBOXBOXDETECTOR.OBJ
C:\USERS\MUAHOATRAM\DESKTOP\SUPERTUXKART\SRC\IDE\VC10\DEBUG\BTBOXSHAPE.OBJ
C:\USERS\MUAHOATRAM\DESKTOP\SUPERTUXKART\SRC\IDE\VC10\DEBUG\BTBROADPHASEPROXY.OBJ
C:\USERS\MUAHOATRAM\DESKTOP\SUPERTUXKART\SRC\IDE\VC10\DEBUG\BTBVHTRIANGLEMESHSHAPE.OBJ
C:\USERS\MUAHOATRAM\DESKTOP\SUPERTUXKART\SRC\IDE\VC10\DEBUG\BTCAPSULESHAPE.OBJ
C:\USERS\MUAHOATRAM\DESKTOP\SUPERTUXKART\SRC\IDE\VC10\DEBUG\BTCOLLISIONALGORITHM.OBJ
C:\USERS\MUAHOATRAM\DESKTOP\SUPERTUXKART\SRC\IDE\VC10\DEBUG\BTCOLLISIONDISPATCHER.OBJ
C:\USERS\MUAHOATRAM\DESKTOP\SUPERTUXKART\SRC\IDE\VC10\DEBUG\BTCOLLISIONOBJECT.OBJ
C:\USERS\MUAHOATRAM\DESKTOP\SUPERTUXKART\SRC\IDE\VC10\DEBUG\BTCOLLISIONSHAPE.OBJ
C:\USERS\MUAHOATRAM\DESKTOP\SUPERTUXKART\SRC\IDE\VC10\DEBUG\BTCOLLISIONWORLD.OBJ
C:\USERS\MUAHOATRAM\DESKTOP\SUPERTUXKART\SRC\IDE\VC10\DEBUG\BTCOMPOUNDCOLLISIONALGORITHM.OBJ
C:\USERS\MUAHOATRAM\DESKTOP\SUPERTUXKART\SRC\IDE\VC10\DEBUG\BTCOMPOUNDSHAPE.OBJ
C:\USERS\MUAHOATRAM\DESKTOP\SUPERTUXKART\SRC\IDE\VC10\DEBUG\BTCONCAVESHAPE.OBJ
C:\USERS\MUAHOATRAM\DESKTOP\SUPERTUXKART\SRC\IDE\VC10\DEBUG\BTCONESHAPE.OBJ
C:\USERS\MUAHOATRAM\DESKTOP\SUPERTUXKART\SRC\IDE\VC10\DEBUG\BTCONETWISTCONSTRAINT.OBJ
C:\USERS\MUAHOATRAM\DESKTOP\SUPERTUXKART\SRC\IDE\VC10\DEBUG\BTCONTACTCONSTRAINT.OBJ
C:\USERS\MUAHOATRAM\DESKTOP\SUPERTUXKART\SRC\IDE\VC10\DEBUG\BTCONTACTPROCESSING.OBJ
C:\USERS\MUAHOATRAM\DESKTOP\SUPERTUXKART\SRC\IDE\VC10\DEBUG\BTCONTINUOUSCONVEXCOLLISION.OBJ
C:\USERS\MUAHOATRAM\DESKTOP\SUPERTUXKART\SRC\IDE\VC10\DEBUG\BTCONTINUOUSDYNAMICSWORLD.OBJ
C:\USERS\MUAHOATRAM\DESKTOP\SUPERTUXKART\SRC\IDE\VC10\DEBUG\BTCONVEX2DCONVEX2DALGORITHM.OBJ
C:\USERS\MUAHOATRAM\DESKTOP\SUPERTUXKART\SRC\IDE\VC10\DEBUG\BTCONVEX2DSHAPE.OBJ
C:\USERS\MUAHOATRAM\DESKTOP\SUPERTUXKART\SRC\IDE\VC10\DEBUG\BTCONVEXCAST.OBJ
C:\USERS\MUAHOATRAM\DESKTOP\SUPERTUXKART\SRC\IDE\VC10\DEBUG\BTCONVEXCONCAVECOLLISIONALGORITHM.OBJ
C:\USERS\MUAHOATRAM\DESKTOP\SUPERTUXKART\SRC\IDE\VC10\DEBUG\BTCONVEXCONVEXALGORITHM.OBJ
C:\USERS\MUAHOATRAM\DESKTOP\SUPERTUXKART\SRC\IDE\VC10\DEBUG\BTCONVEXHULL.OBJ
C:\USERS\MUAHOATRAM\DESKTOP\SUPERTUXKART\SRC\IDE\VC10\DEBUG\BTCONVEXHULLCOMPUTER.OBJ
C:\USERS\MUAHOATRAM\DESKTOP\SUPERTUXKART\SRC\IDE\VC10\DEBUG\BTCONVEXHULLSHAPE.OBJ
C:\USERS\MUAHOATRAM\DESKTOP\SUPERTUXKART\SRC\IDE\VC10\DEBUG\BTCONVEXINTERNALSHAPE.OBJ
C:\USERS\MUAHOATRAM\DESKTOP\SUPERTUXKART\SRC\IDE\VC10\DEBUG\BTCONVEXPLANECOLLISIONALGORITHM.OBJ
C:\USERS\MUAHOATRAM\DESKTOP\SUPERTUXKART\SRC\IDE\VC10\DEBUG\BTCONVEXPOINTCLOUDSHAPE.OBJ
C:\USERS\MUAHOATRAM\DESKTOP\SUPERTUXKART\SRC\IDE\VC10\DEBUG\BTCONVEXPOLYHEDRON.OBJ
C:\USERS\MUAHOATRAM\DESKTOP\SUPERTUXKART\SRC\IDE\VC10\DEBUG\BTCONVEXSHAPE.OBJ
C:\USERS\MUAHOATRAM\DESKTOP\SUPERTUXKART\SRC\IDE\VC10\DEBUG\BTCONVEXTRIANGLEMESHSHAPE.OBJ
C:\USERS\MUAHOATRAM\DESKTOP\SUPERTUXKART\SRC\IDE\VC10\DEBUG\BTCYLINDERSHAPE.OBJ
C:\USERS\MUAHOATRAM\DESKTOP\SUPERTUXKART\SRC\IDE\VC10\DEBUG\BTDBVT.OBJ
C:\USERS\MUAHOATRAM\DESKTOP\SUPERTUXKART\SRC\IDE\VC10\DEBUG\BTDBVTBROADPHASE.OBJ
C:\USERS\MUAHOATRAM\DESKTOP\SUPERTUXKART\SRC\IDE\VC10\DEBUG\BTDEFAULTCOLLISIONCONFIGURATION.OBJ
C:\USERS\MUAHOATRAM\DESKTOP\SUPERTUXKART\SRC\IDE\VC10\DEBUG\BTDISCRETEDYNAMICSWORLD.OBJ
C:\USERS\MUAHOATRAM\DESKTOP\SUPERTUXKART\SRC\IDE\VC10\DEBUG\BTDISPATCHER.OBJ
C:\USERS\MUAHOATRAM\DESKTOP\SUPERTUXKART\SRC\IDE\VC10\DEBUG\BTEMPTYCOLLISIONALGORITHM.OBJ
C:\USERS\MUAHOATRAM\DESKTOP\SUPERTUXKART\SRC\IDE\VC10\DEBUG\BTEMPTYSHAPE.OBJ
C:\USERS\MUAHOATRAM\DESKTOP\SUPERTUXKART\SRC\IDE\VC10\DEBUG\BTGENERIC6DOFCONSTRAINT.OBJ
C:\USERS\MUAHOATRAM\DESKTOP\SUPERTUXKART\SRC\IDE\VC10\DEBUG\BTGENERIC6DOFSPRINGCONSTRAINT.OBJ
C:\USERS\MUAHOATRAM\DESKTOP\SUPERTUXKART\SRC\IDE\VC10\DEBUG\BTGENERICPOOLALLOCATOR.OBJ
C:\USERS\MUAHOATRAM\DESKTOP\SUPERTUXKART\SRC\IDE\VC10\DEBUG\BTGEOMETRYUTIL.OBJ
C:\USERS\MUAHOATRAM\DESKTOP\SUPERTUXKART\SRC\IDE\VC10\DEBUG\BTGHOSTOBJECT.OBJ
C:\USERS\MUAHOATRAM\DESKTOP\SUPERTUXKART\SRC\IDE\VC10\DEBUG\BTGIMPACTBVH.OBJ
C:\USERS\MUAHOATRAM\DESKTOP\SUPERTUXKART\SRC\IDE\VC10\DEBUG\BTGIMPACTCOLLISIONALGORITHM.OBJ
C:\USERS\MUAHOATRAM\DESKTOP\SUPERTUXKART\SRC\IDE\VC10\DEBUG\BTGIMPACTQUANTIZEDBVH.OBJ
C:\USERS\MUAHOATRAM\DESKTOP\SUPERTUXKART\SRC\IDE\VC10\DEBUG\BTGIMPACTSHAPE.OBJ
C:\USERS\MUAHOATRAM\DESKTOP\SUPERTUXKART\SRC\IDE\VC10\DEBUG\BTGJKCONVEXCAST.OBJ
C:\USERS\MUAHOATRAM\DESKTOP\SUPERTUXKART\SRC\IDE\VC10\DEBUG\BTGJKEPA2.OBJ
C:\USERS\MUAHOATRAM\DESKTOP\SUPERTUXKART\SRC\IDE\VC10\DEBUG\BTGJKEPAPENETRATIONDEPTHSOLVER.OBJ
C:\USERS\MUAHOATRAM\DESKTOP\SUPERTUXKART\SRC\IDE\VC10\DEBUG\BTGJKPAIRDETECTOR.OBJ
C:\USERS\MUAHOATRAM\DESKTOP\SUPERTUXKART\SRC\IDE\VC10\DEBUG\BTHEIGHTFIELDTERRAINSHAPE.OBJ
C:\USERS\MUAHOATRAM\DESKTOP\SUPERTUXKART\SRC\IDE\VC10\DEBUG\BTHINGE2CONSTRAINT.OBJ
C:\USERS\MUAHOATRAM\DESKTOP\SUPERTUXKART\SRC\IDE\VC10\DEBUG\BTHINGECONSTRAINT.OBJ
C:\USERS\MUAHOATRAM\DESKTOP\SUPERTUXKART\SRC\IDE\VC10\DEBUG\BTINTERNALEDGEUTILITY.OBJ
C:\USERS\MUAHOATRAM\DESKTOP\SUPERTUXKART\SRC\IDE\VC10\DEBUG\BTKART.OBJ
C:\USERS\MUAHOATRAM\DESKTOP\SUPERTUXKART\SRC\IDE\VC10\DEBUG\BTKARTRAYCAST.OBJ
C:\USERS\MUAHOATRAM\DESKTOP\SUPERTUXKART\SRC\IDE\VC10\DEBUG\BTKINEMATICCHARACTERCONTROLLER.OBJ
C:\USERS\MUAHOATRAM\DESKTOP\SUPERTUXKART\SRC\IDE\VC10\DEBUG\BTMANIFOLDRESULT.OBJ
C:\USERS\MUAHOATRAM\DESKTOP\SUPERTUXKART\SRC\IDE\VC10\DEBUG\BTMINKOWSKIPENETRATIONDEPTHSOLVER.OBJ
C:\USERS\MUAHOATRAM\DESKTOP\SUPERTUXKART\SRC\IDE\VC10\DEBUG\BTMINKOWSKISUMSHAPE.OBJ
C:\USERS\MUAHOATRAM\DESKTOP\SUPERTUXKART\SRC\IDE\VC10\DEBUG\BTMULTIMATERIALTRIANGLEMESHSHAPE.OBJ
C:\USERS\MUAHOATRAM\DESKTOP\SUPERTUXKART\SRC\IDE\VC10\DEBUG\BTMULTISAPBROADPHASE.OBJ
C:\USERS\MUAHOATRAM\DESKTOP\SUPERTUXKART\SRC\IDE\VC10\DEBUG\BTMULTISPHERESHAPE.OBJ
C:\USERS\MUAHOATRAM\DESKTOP\SUPERTUXKART\SRC\IDE\VC10\DEBUG\BTOPTIMIZEDBVH.OBJ
C:\USERS\MUAHOATRAM\DESKTOP\SUPERTUXKART\SRC\IDE\VC10\DEBUG\BTOVERLAPPINGPAIRCACHE.OBJ
C:\USERS\MUAHOATRAM\DESKTOP\SUPERTUXKART\SRC\IDE\VC10\DEBUG\BTPERSISTENTMANIFOLD.OBJ
C:\USERS\MUAHOATRAM\DESKTOP\SUPERTUXKART\SRC\IDE\VC10\DEBUG\BTPOINT2POINTCONSTRAINT.OBJ
C:\USERS\MUAHOATRAM\DESKTOP\SUPERTUXKART\SRC\IDE\VC10\DEBUG\BTPOLYHEDRALCONTACTCLIPPING.OBJ
C:\USERS\MUAHOATRAM\DESKTOP\SUPERTUXKART\SRC\IDE\VC10\DEBUG\BTPOLYHEDRALCONVEXSHAPE.OBJ
C:\USERS\MUAHOATRAM\DESKTOP\SUPERTUXKART\SRC\IDE\VC10\DEBUG\BTQUANTIZEDBVH.OBJ
C:\USERS\MUAHOATRAM\DESKTOP\SUPERTUXKART\SRC\IDE\VC10\DEBUG\BTQUICKPROF.OBJ
C:\USERS\MUAHOATRAM\DESKTOP\SUPERTUXKART\SRC\IDE\VC10\DEBUG\BTRAYCASTCALLBACK.OBJ
C:\USERS\MUAHOATRAM\DESKTOP\SUPERTUXKART\SRC\IDE\VC10\DEBUG\BTRAYCASTVEHICLE.OBJ
C:\USERS\MUAHOATRAM\DESKTOP\SUPERTUXKART\SRC\IDE\VC10\DEBUG\BTRIGIDBODY.OBJ
C:\USERS\MUAHOATRAM\DESKTOP\SUPERTUXKART\SRC\IDE\VC10\DEBUG\BTSCALEDBVHTRIANGLEMESHSHAPE.OBJ
C:\USERS\MUAHOATRAM\DESKTOP\SUPERTUXKART\SRC\IDE\VC10\DEBUG\BTSEQUENTIALIMPULSECONSTRAINTSOLVER.OBJ
C:\USERS\MUAHOATRAM\DESKTOP\SUPERTUXKART\SRC\IDE\VC10\DEBUG\BTSERIALIZER.OBJ
C:\USERS\MUAHOATRAM\DESKTOP\SUPERTUXKART\SRC\IDE\VC10\DEBUG\BTSHAPEHULL.OBJ
C:\USERS\MUAHOATRAM\DESKTOP\SUPERTUXKART\SRC\IDE\VC10\DEBUG\BTSIMPLEBROADPHASE.OBJ
C:\USERS\MUAHOATRAM\DESKTOP\SUPERTUXKART\SRC\IDE\VC10\DEBUG\BTSIMPLEDYNAMICSWORLD.OBJ
C:\USERS\MUAHOATRAM\DESKTOP\SUPERTUXKART\SRC\IDE\VC10\DEBUG\BTSIMULATIONISLANDMANAGER.OBJ
C:\USERS\MUAHOATRAM\DESKTOP\SUPERTUXKART\SRC\IDE\VC10\DEBUG\BTSLIDERCONSTRAINT.OBJ
C:\USERS\MUAHOATRAM\DESKTOP\SUPERTUXKART\SRC\IDE\VC10\DEBUG\BTSOLVE2LINEARCONSTRAINT.OBJ
C:\USERS\MUAHOATRAM\DESKTOP\SUPERTUXKART\SRC\IDE\VC10\DEBUG\BTSPHEREBOXCOLLISIONALGORITHM.OBJ
C:\USERS\MUAHOATRAM\DESKTOP\SUPERTUXKART\SRC\IDE\VC10\DEBUG\BTSPHERESHAPE.OBJ
C:\USERS\MUAHOATRAM\DESKTOP\SUPERTUXKART\SRC\IDE\VC10\DEBUG\BTSPHERESPHERECOLLISIONALGORITHM.OBJ
C:\USERS\MUAHOATRAM\DESKTOP\SUPERTUXKART\SRC\IDE\VC10\DEBUG\BTSPHERETRIANGLECOLLISIONALGORITHM.OBJ
C:\USERS\MUAHOATRAM\DESKTOP\SUPERTUXKART\SRC\IDE\VC10\DEBUG\BTSTATICPLANESHAPE.OBJ
C:\USERS\MUAHOATRAM\DESKTOP\SUPERTUXKART\SRC\IDE\VC10\DEBUG\BTSTRIDINGMESHINTERFACE.OBJ
C:\USERS\MUAHOATRAM\DESKTOP\SUPERTUXKART\SRC\IDE\VC10\DEBUG\BTSUBSIMPLEXCONVEXCAST.OBJ
C:\USERS\MUAHOATRAM\DESKTOP\SUPERTUXKART\SRC\IDE\VC10\DEBUG\BTTETRAHEDRONSHAPE.OBJ
C:\USERS\MUAHOATRAM\DESKTOP\SUPERTUXKART\SRC\IDE\VC10\DEBUG\BTTRIANGLEBUFFER.OBJ
C:\USERS\MUAHOATRAM\DESKTOP\SUPERTUXKART\SRC\IDE\VC10\DEBUG\BTTRIANGLECALLBACK.OBJ
C:\USERS\MUAHOATRAM\DESKTOP\SUPERTUXKART\SRC\IDE\VC10\DEBUG\BTTRIANGLEINDEXVERTEXARRAY.OBJ
C:\USERS\MUAHOATRAM\DESKTOP\SUPERTUXKART\SRC\IDE\VC10\DEBUG\BTTRIANGLEINDEXVERTEXMATERIALARRAY.OBJ
C:\USERS\MUAHOATRAM\DESKTOP\SUPERTUXKART\SRC\IDE\VC10\DEBUG\BTTRIANGLEMESH.OBJ
C:\USERS\MUAHOATRAM\DESKTOP\SUPERTUXKART\SRC\IDE\VC10\DEBUG\BTTRIANGLEMESHSHAPE.OBJ
C:\USERS\MUAHOATRAM\DESKTOP\SUPERTUXKART\SRC\IDE\VC10\DEBUG\BTTRIANGLESHAPEEX.OBJ
C:\USERS\MUAHOATRAM\DESKTOP\SUPERTUXKART\SRC\IDE\VC10\DEBUG\BTTYPEDCONSTRAINT.OBJ
C:\USERS\MUAHOATRAM\DESKTOP\SUPERTUXKART\SRC\IDE\VC10\DEBUG\BTUNIFORMSCALINGSHAPE.OBJ
C:\USERS\MUAHOATRAM\DESKTOP\SUPERTUXKART\SRC\IDE\VC10\DEBUG\BTUNIONFIND.OBJ
C:\USERS\MUAHOATRAM\DESKTOP\SUPERTUXKART\SRC\IDE\VC10\DEBUG\BTUNIVERSALCONSTRAINT.OBJ
C:\USERS\MUAHOATRAM\DESKTOP\SUPERTUXKART\SRC\IDE\VC10\DEBUG\BTUPRIGHTCONSTRAINT.OBJ
C:\USERS\MUAHOATRAM\DESKTOP\SUPERTUXKART\SRC\IDE\VC10\DEBUG\BTVORONOISIMPLEXSOLVER.OBJ
C:\USERS\MUAHOATRAM\DESKTOP\SUPERTUXKART\SRC\IDE\VC10\DEBUG\BTWHEELINFO.OBJ
C:\USERS\MUAHOATRAM\DESKTOP\SUPERTUXKART\SRC\IDE\VC10\DEBUG\BUBBLE_WIDGET.OBJ
C:\USERS\MUAHOATRAM\DESKTOP\SUPERTUXKART\SRC\IDE\VC10\DEBUG\BULLET_LIB.LIB
C:\Users\muahoatram\Desktop\supertuxkart\src\ide\vc10\debug\bullet_lib.write.1.tlog
C:\USERS\MUAHOATRAM\DESKTOP\SUPERTUXKART\SRC\IDE\VC10\DEBUG\BULLET-C-API.OBJ
C:\USERS\MUAHOATRAM\DESKTOP\SUPERTUXKART\SRC\IDE\VC10\DEBUG\BUTTON_WIDGET.OBJ
C:\USERS\MUAHOATRAM\DESKTOP\SUPERTUXKART\SRC\IDE\VC10\DEBUG\CAKE.OBJ
C:\USERS\MUAHOATRAM\DESKTOP\SUPERTUXKART\SRC\IDE\VC10\DEBUG\CALLBACKS.OBJ
C:\USERS\MUAHOATRAM\DESKTOP\SUPERTUXKART\SRC\IDE\VC10\DEBUG\CAMERA.OBJ
C:\USERS\MUAHOATRAM\DESKTOP\SUPERTUXKART\SRC\IDE\VC10\DEBUG\CANNON_ANIMATION.OBJ
C:\USERS\MUAHOATRAM\DESKTOP\SUPERTUXKART\SRC\IDE\VC10\DEBUG\CBATCHINGMESH.OBJ
C:\USERS\MUAHOATRAM\DESKTOP\SUPERTUXKART\SRC\IDE\VC10\DEBUG\CGUIEDITBOX.OBJ
C:\USERS\MUAHOATRAM\DESKTOP\SUPERTUXKART\SRC\IDE\VC10\DEBUG\CGUISPRITEBANK.OBJ
C:\USERS\MUAHOATRAM\DESKTOP\SUPERTUXKART\SRC\IDE\VC10\DEBUG\CHALLENGE.OBJ
C:\USERS\MUAHOATRAM\DESKTOP\SUPERTUXKART\SRC\IDE\VC10\DEBUG\CHALLENGE_DATA.OBJ
C:\USERS\MUAHOATRAM\DESKTOP\SUPERTUXKART\SRC\IDE\VC10\DEBUG\CHECK_BOX_WIDGET.OBJ
C:\USERS\MUAHOATRAM\DESKTOP\SUPERTUXKART\SRC\IDE\VC10\DEBUG\CHECK_CANNON.OBJ
C:\USERS\MUAHOATRAM\DESKTOP\SUPERTUXKART\SRC\IDE\VC10\DEBUG\CHECK_LAP.OBJ
C:\USERS\MUAHOATRAM\DESKTOP\SUPERTUXKART\SRC\IDE\VC10\DEBUG\CHECK_LINE.OBJ
C:\USERS\MUAHOATRAM\DESKTOP\SUPERTUXKART\SRC\IDE\VC10\DEBUG\CHECK_MANAGER.OBJ
C:\USERS\MUAHOATRAM\DESKTOP\SUPERTUXKART\SRC\IDE\VC10\DEBUG\CHECK_SPHERE.OBJ
C:\USERS\MUAHOATRAM\DESKTOP\SUPERTUXKART\SRC\IDE\VC10\DEBUG\CHECK_STRUCTURE.OBJ
C:\Users\muahoatram\Desktop\supertuxkart\src\ide\vc10\debug\cl.command.1.tlog
C:\Users\muahoatram\Desktop\supertuxkart\src\ide\vc10\debug\CL.read.1.tlog
C:\Users\muahoatram\Desktop\supertuxkart\src\ide\vc10\debug\CL.write.1.tlog
C:\USERS\MUAHOATRAM\DESKTOP\SUPERTUXKART\SRC\IDE\VC10\DEBUG\COMPRESS.OBJ
C:\USERS\MUAHOATRAM\DESKTOP\SUPERTUXKART\SRC\IDE\VC10\DEBUG\CONFIRM_RESOLUTION_DIALOG.OBJ
C:\USERS\MUAHOATRAM\DESKTOP\SUPERTUXKART\SRC\IDE\VC10\DEBUG\CONNECT_MESSAGE.OBJ
C:\USERS\MUAHOATRAM\DESKTOP\SUPERTUXKART\SRC\IDE\VC10\DEBUG\CONSTANTS.OBJ
C:\USERS\MUAHOATRAM\DESKTOP\SUPERTUXKART\SRC\IDE\VC10\DEBUG\CONTROLLER.OBJ
C:\USERS\MUAHOATRAM\DESKTOP\SUPERTUXKART\SRC\IDE\VC10\DEBUG\CREDITS.OBJ
C:\USERS\MUAHOATRAM\DESKTOP\SUPERTUXKART\SRC\IDE\VC10\DEBUG\CUSTOM_VIDEO_SETTINGS.OBJ
C:\USERS\MUAHOATRAM\DESKTOP\SUPERTUXKART\SRC\IDE\VC10\DEBUG\CUTSCENE_GUI.OBJ
C:\USERS\MUAHOATRAM\DESKTOP\SUPERTUXKART\SRC\IDE\VC10\DEBUG\CUTSCENE_WORLD.OBJ
C:\USERS\MUAHOATRAM\DESKTOP\SUPERTUXKART\SRC\IDE\VC10\DEBUG\DEMO_WORLD.OBJ
C:\USERS\MUAHOATRAM\DESKTOP\SUPERTUXKART\SRC\IDE\VC10\DEBUG\DEVICE_CONFIG.OBJ
C:\USERS\MUAHOATRAM\DESKTOP\SUPERTUXKART\SRC\IDE\VC10\DEBUG\DEVICE_MANAGER.OBJ
C:\USERS\MUAHOATRAM\DESKTOP\SUPERTUXKART\SRC\IDE\VC10\DEBUG\DICTIONARY.OBJ
C:\USERS\MUAHOATRAM\DESKTOP\SUPERTUXKART\SRC\IDE\VC10\DEBUG\DICTIONARY_MANAGER.OBJ
C:\USERS\MUAHOATRAM\DESKTOP\SUPERTUXKART\SRC\IDE\VC10\DEBUG\DYNAMIC_RIBBON_WIDGET.OBJ
C:\USERS\MUAHOATRAM\DESKTOP\SUPERTUXKART\SRC\IDE\VC10\DEBUG\END_CONTROLLER.OBJ
C:\USERS\MUAHOATRAM\DESKTOP\SUPERTUXKART\SRC\IDE\VC10\DEBUG\ENET.LIB
C:\USERS\MUAHOATRAM\DESKTOP\SUPERTUXKART\SRC\IDE\VC10\DEBUG\ENGINE.OBJ
C:\USERS\MUAHOATRAM\DESKTOP\SUPERTUXKART\SRC\IDE\VC10\DEBUG\ENTER_PLAYER_NAME_DIALOG.OBJ
C:\USERS\MUAHOATRAM\DESKTOP\SUPERTUXKART\SRC\IDE\VC10\DEBUG\EVENT_HANDLER.OBJ
C:\USERS\MUAHOATRAM\DESKTOP\SUPERTUXKART\SRC\IDE\VC10\DEBUG\EXPLOSION.OBJ
C:\USERS\MUAHOATRAM\DESKTOP\SUPERTUXKART\SRC\IDE\VC10\DEBUG\EXPLOSION_ANIMATION.OBJ
C:\USERS\MUAHOATRAM\DESKTOP\SUPERTUXKART\SRC\IDE\VC10\DEBUG\FEATURE_UNLOCKED.OBJ
C:\USERS\MUAHOATRAM\DESKTOP\SUPERTUXKART\SRC\IDE\VC10\DEBUG\FILE_MANAGER.OBJ
C:\USERS\MUAHOATRAM\DESKTOP\SUPERTUXKART\SRC\IDE\VC10\DEBUG\FLYABLE.OBJ
C:\USERS\MUAHOATRAM\DESKTOP\SUPERTUXKART\SRC\IDE\VC10\DEBUG\FOLLOW_THE_LEADER.OBJ
C:\USERS\MUAHOATRAM\DESKTOP\SUPERTUXKART\SRC\IDE\VC10\DEBUG\GAME_SLOT.OBJ
C:\USERS\MUAHOATRAM\DESKTOP\SUPERTUXKART\SRC\IDE\VC10\DEBUG\GAME_TUTORIAL.OBJ
C:\USERS\MUAHOATRAM\DESKTOP\SUPERTUXKART\SRC\IDE\VC10\DEBUG\GHOST_KART.OBJ
C:\USERS\MUAHOATRAM\DESKTOP\SUPERTUXKART\SRC\IDE\VC10\DEBUG\GIM_BOX_SET.OBJ
C:\USERS\MUAHOATRAM\DESKTOP\SUPERTUXKART\SRC\IDE\VC10\DEBUG\GIM_CONTACT.OBJ
C:\USERS\MUAHOATRAM\DESKTOP\SUPERTUXKART\SRC\IDE\VC10\DEBUG\GIM_MEMORY.OBJ
C:\USERS\MUAHOATRAM\DESKTOP\SUPERTUXKART\SRC\IDE\VC10\DEBUG\GIM_TRI_COLLISION.OBJ
C:\USERS\MUAHOATRAM\DESKTOP\SUPERTUXKART\SRC\IDE\VC10\DEBUG\GP_INFO_DIALOG.OBJ
C:\USERS\MUAHOATRAM\DESKTOP\SUPERTUXKART\SRC\IDE\VC10\DEBUG\GRAND_PRIX_DATA.OBJ
C:\USERS\MUAHOATRAM\DESKTOP\SUPERTUXKART\SRC\IDE\VC10\DEBUG\GRAND_PRIX_LOSE.OBJ
C:\USERS\MUAHOATRAM\DESKTOP\SUPERTUXKART\SRC\IDE\VC10\DEBUG\GRAND_PRIX_MANAGER.OBJ
C:\USERS\MUAHOATRAM\DESKTOP\SUPERTUXKART\SRC\IDE\VC10\DEBUG\GRAND_PRIX_WIN.OBJ
C:\USERS\MUAHOATRAM\DESKTOP\SUPERTUXKART\SRC\IDE\VC10\DEBUG\GRAPH_NODE.OBJ
C:\USERS\MUAHOATRAM\DESKTOP\SUPERTUXKART\SRC\IDE\VC10\DEBUG\HARDWARE_SKINNING.OBJ
C:\USERS\MUAHOATRAM\DESKTOP\SUPERTUXKART\SRC\IDE\VC10\DEBUG\HELP_SCREEN_1.OBJ
C:\USERS\MUAHOATRAM\DESKTOP\SUPERTUXKART\SRC\IDE\VC10\DEBUG\HELP_SCREEN_2.OBJ
C:\USERS\MUAHOATRAM\DESKTOP\SUPERTUXKART\SRC\IDE\VC10\DEBUG\HELP_SCREEN_3.OBJ
C:\USERS\MUAHOATRAM\DESKTOP\SUPERTUXKART\SRC\IDE\VC10\DEBUG\HELP_SCREEN_4.OBJ
C:\USERS\MUAHOATRAM\DESKTOP\SUPERTUXKART\SRC\IDE\VC10\DEBUG\HIGHSCORE_MANAGER.OBJ
C:\USERS\MUAHOATRAM\DESKTOP\SUPERTUXKART\SRC\IDE\VC10\DEBUG\HIGHSCORES.OBJ
C:\USERS\MUAHOATRAM\DESKTOP\SUPERTUXKART\SRC\IDE\VC10\DEBUG\HISTORY.OBJ
C:\USERS\MUAHOATRAM\DESKTOP\SUPERTUXKART\SRC\IDE\VC10\DEBUG\HIT_SFX.OBJ
C:\USERS\MUAHOATRAM\DESKTOP\SUPERTUXKART\SRC\IDE\VC10\DEBUG\HOST.OBJ
C:\USERS\MUAHOATRAM\DESKTOP\SUPERTUXKART\SRC\IDE\VC10\DEBUG\ICON_BUTTON_WIDGET.OBJ
C:\USERS\MUAHOATRAM\DESKTOP\SUPERTUXKART\SRC\IDE\VC10\DEBUG\ICONV.OBJ
C:\USERS\MUAHOATRAM\DESKTOP\SUPERTUXKART\SRC\IDE\VC10\DEBUG\INETWORK_HTTP.OBJ
C:\USERS\MUAHOATRAM\DESKTOP\SUPERTUXKART\SRC\IDE\VC10\DEBUG\INPUT_DEVICE.OBJ
C:\USERS\MUAHOATRAM\DESKTOP\SUPERTUXKART\SRC\IDE\VC10\DEBUG\INPUT_MANAGER.OBJ
C:\USERS\MUAHOATRAM\DESKTOP\SUPERTUXKART\SRC\IDE\VC10\DEBUG\IPO.OBJ
C:\USERS\MUAHOATRAM\DESKTOP\SUPERTUXKART\SRC\IDE\VC10\DEBUG\IRR_DEBUG_DRAWER.OBJ
C:\USERS\MUAHOATRAM\DESKTOP\SUPERTUXKART\SRC\IDE\VC10\DEBUG\IRR_DRIVER.OBJ
C:\USERS\MUAHOATRAM\DESKTOP\SUPERTUXKART\SRC\IDE\VC10\DEBUG\ITEM.OBJ
C:\USERS\MUAHOATRAM\DESKTOP\SUPERTUXKART\SRC\IDE\VC10\DEBUG\ITEM_MANAGER.OBJ
C:\USERS\MUAHOATRAM\DESKTOP\SUPERTUXKART\SRC\IDE\VC10\DEBUG\KART.OBJ
C:\USERS\MUAHOATRAM\DESKTOP\SUPERTUXKART\SRC\IDE\VC10\DEBUG\KART_CONTROL_MESSAGE.OBJ
C:\USERS\MUAHOATRAM\DESKTOP\SUPERTUXKART\SRC\IDE\VC10\DEBUG\KART_GFX.OBJ
C:\USERS\MUAHOATRAM\DESKTOP\SUPERTUXKART\SRC\IDE\VC10\DEBUG\KART_MODEL.OBJ
C:\USERS\MUAHOATRAM\DESKTOP\SUPERTUXKART\SRC\IDE\VC10\DEBUG\KART_PROPERTIES.OBJ
C:\USERS\MUAHOATRAM\DESKTOP\SUPERTUXKART\SRC\IDE\VC10\DEBUG\KART_PROPERTIES_MANAGER.OBJ
C:\USERS\MUAHOATRAM\DESKTOP\SUPERTUXKART\SRC\IDE\VC10\DEBUG\KART_SELECTION.OBJ
C:\USERS\MUAHOATRAM\DESKTOP\SUPERTUXKART\SRC\IDE\VC10\DEBUG\KART_UPDATE_MESSAGE.OBJ
C:\USERS\MUAHOATRAM\DESKTOP\SUPERTUXKART\SRC\IDE\VC10\DEBUG\KART_WITH_STATS.OBJ
C:\USERS\MUAHOATRAM\DESKTOP\SUPERTUXKART\SRC\IDE\VC10\DEBUG\LABEL_WIDGET.OBJ
C:\USERS\MUAHOATRAM\DESKTOP\SUPERTUXKART\SRC\IDE\VC10\DEBUG\LANGUAGE.OBJ
C:\USERS\MUAHOATRAM\DESKTOP\SUPERTUXKART\SRC\IDE\VC10\DEBUG\LAYOUT_MANAGER.OBJ
C:\USERS\MUAHOATRAM\DESKTOP\SUPERTUXKART\SRC\IDE\VC10\DEBUG\LEAK_CHECK.OBJ
C:\Users\muahoatram\Desktop\supertuxkart\src\ide\vc10\debug\lib.command.1.tlog
C:\Users\muahoatram\Desktop\supertuxkart\src\ide\vc10\debug\Lib-link.read.1.tlog
C:\Users\muahoatram\Desktop\supertuxkart\src\ide\vc10\debug\Lib-link.write.1.tlog
C:\USERS\MUAHOATRAM\DESKTOP\SUPERTUXKART\SRC\IDE\VC10\DEBUG\LINEAR_WORLD.OBJ
C:\Users\muahoatram\Desktop\supertuxkart\src\ide\vc10\debug\link.4356.read.1.tlog
C:\Users\muahoatram\Desktop\supertuxkart\src\ide\vc10\debug\link.4356.write.1.tlog
C:\Users\muahoatram\Desktop\supertuxkart\src\ide\vc10\debug\link.4356-cvtres.read.1.tlog
C:\Users\muahoatram\Desktop\supertuxkart\src\ide\vc10\debug\link.4356-cvtres.write.1.tlog
C:\Users\muahoatram\Desktop\supertuxkart\src\ide\vc10\debug\link.command.1.tlog
C:\Users\muahoatram\Desktop\supertuxkart\src\ide\vc10\debug\link.read.1.tlog
C:\Users\muahoatram\Desktop\supertuxkart\src\ide\vc10\debug\link.write.1.tlog
C:\Users\muahoatram\Desktop\supertuxkart\src\ide\vc10\debug\link-cvtres.read.1.tlog
C:\Users\muahoatram\Desktop\supertuxkart\src\ide\vc10\debug\link-cvtres.write.1.tlog
C:\USERS\MUAHOATRAM\DESKTOP\SUPERTUXKART\SRC\IDE\VC10\DEBUG\LIST.OBJ
C:\USERS\MUAHOATRAM\DESKTOP\SUPERTUXKART\SRC\IDE\VC10\DEBUG\LIST_WIDGET.OBJ
C:\USERS\MUAHOATRAM\DESKTOP\SUPERTUXKART\SRC\IDE\VC10\DEBUG\LOD_NODE.OBJ
C:\USERS\MUAHOATRAM\DESKTOP\SUPERTUXKART\SRC\IDE\VC10\DEBUG\LOD_NODE_LOADER.OBJ
C:\USERS\MUAHOATRAM\DESKTOP\SUPERTUXKART\SRC\IDE\VC10\DEBUG\LOG.OBJ
C:\USERS\MUAHOATRAM\DESKTOP\SUPERTUXKART\SRC\IDE\VC10\DEBUG\MAIN.OBJ
C:\USERS\MUAHOATRAM\DESKTOP\SUPERTUXKART\SRC\IDE\VC10\DEBUG\MAIN_LOOP.OBJ
C:\USERS\MUAHOATRAM\DESKTOP\SUPERTUXKART\SRC\IDE\VC10\DEBUG\MAIN_MENU_SCREEN.OBJ
C:\USERS\MUAHOATRAM\DESKTOP\SUPERTUXKART\SRC\IDE\VC10\DEBUG\MATERIAL.OBJ
C:\USERS\MUAHOATRAM\DESKTOP\SUPERTUXKART\SRC\IDE\VC10\DEBUG\MATERIAL_MANAGER.OBJ
C:\USERS\MUAHOATRAM\DESKTOP\SUPERTUXKART\SRC\IDE\VC10\DEBUG\MAX_SPEED.OBJ
C:\USERS\MUAHOATRAM\DESKTOP\SUPERTUXKART\SRC\IDE\VC10\DEBUG\MESH_TOOLS.OBJ
C:\USERS\MUAHOATRAM\DESKTOP\SUPERTUXKART\SRC\IDE\VC10\DEBUG\MESSAGE.OBJ
C:\USERS\MUAHOATRAM\DESKTOP\SUPERTUXKART\SRC\IDE\VC10\DEBUG\MESSAGE_DIALOG.OBJ
C:\USERS\MUAHOATRAM\DESKTOP\SUPERTUXKART\SRC\IDE\VC10\DEBUG\MINIMAL_RACE_GUI.OBJ
C:\USERS\MUAHOATRAM\DESKTOP\SUPERTUXKART\SRC\IDE\VC10\DEBUG\MODALDIALOG.OBJ
C:\USERS\MUAHOATRAM\DESKTOP\SUPERTUXKART\SRC\IDE\VC10\DEBUG\MODEL_VIEW_WIDGET.OBJ
C:\USERS\MUAHOATRAM\DESKTOP\SUPERTUXKART\SRC\IDE\VC10\DEBUG\MOVEABLE.OBJ
C:\USERS\MUAHOATRAM\DESKTOP\SUPERTUXKART\SRC\IDE\VC10\DEBUG\MOVING_TEXTURE.OBJ
C:\Users\muahoatram\Desktop\supertuxkart\src\ide\vc10\debug\mt.command.1.tlog
C:\Users\muahoatram\Desktop\supertuxkart\src\ide\vc10\debug\mt.read.1.tlog
C:\Users\muahoatram\Desktop\supertuxkart\src\ide\vc10\debug\mt.write.1.tlog
C:\USERS\MUAHOATRAM\DESKTOP\SUPERTUXKART\SRC\IDE\VC10\DEBUG\MUSIC_INFORMATION.OBJ
C:\USERS\MUAHOATRAM\DESKTOP\SUPERTUXKART\SRC\IDE\VC10\DEBUG\MUSIC_MANAGER.OBJ
C:\USERS\MUAHOATRAM\DESKTOP\SUPERTUXKART\SRC\IDE\VC10\DEBUG\MUSIC_OGG.OBJ
C:\USERS\MUAHOATRAM\DESKTOP\SUPERTUXKART\SRC\IDE\VC10\DEBUG\NETWORK_HTTP.OBJ
C:\USERS\MUAHOATRAM\DESKTOP\SUPERTUXKART\SRC\IDE\VC10\DEBUG\NETWORK_KART.OBJ
C:\USERS\MUAHOATRAM\DESKTOP\SUPERTUXKART\SRC\IDE\VC10\DEBUG\NETWORK_MANAGER.OBJ
C:\USERS\MUAHOATRAM\DESKTOP\SUPERTUXKART\SRC\IDE\VC10\DEBUG\NEWS_MANAGER.OBJ
C:\USERS\MUAHOATRAM\DESKTOP\SUPERTUXKART\SRC\IDE\VC10\DEBUG\OPTIONS_SCREEN_AUDIO.OBJ
C:\USERS\MUAHOATRAM\DESKTOP\SUPERTUXKART\SRC\IDE\VC10\DEBUG\OPTIONS_SCREEN_INPUT.OBJ
C:\USERS\MUAHOATRAM\DESKTOP\SUPERTUXKART\SRC\IDE\VC10\DEBUG\OPTIONS_SCREEN_INPUT2.OBJ
C:\USERS\MUAHOATRAM\DESKTOP\SUPERTUXKART\SRC\IDE\VC10\DEBUG\OPTIONS_SCREEN_PLAYERS.OBJ
C:\USERS\MUAHOATRAM\DESKTOP\SUPERTUXKART\SRC\IDE\VC10\DEBUG\OPTIONS_SCREEN_UI.OBJ
C:\USERS\MUAHOATRAM\DESKTOP\SUPERTUXKART\SRC\IDE\VC10\DEBUG\OPTIONS_SCREEN_VIDEO.OBJ
C:\USERS\MUAHOATRAM\DESKTOP\SUPERTUXKART\SRC\IDE\VC10\DEBUG\OVERWORLD.OBJ
C:\USERS\MUAHOATRAM\DESKTOP\SUPERTUXKART\SRC\IDE\VC10\DEBUG\PACKET.OBJ
C:\USERS\MUAHOATRAM\DESKTOP\SUPERTUXKART\SRC\IDE\VC10\DEBUG\PARTICLE_EMITTER.OBJ
C:\USERS\MUAHOATRAM\DESKTOP\SUPERTUXKART\SRC\IDE\VC10\DEBUG\PARTICLE_KIND.OBJ
C:\USERS\MUAHOATRAM\DESKTOP\SUPERTUXKART\SRC\IDE\VC10\DEBUG\PARTICLE_KIND_MANAGER.OBJ
C:\USERS\MUAHOATRAM\DESKTOP\SUPERTUXKART\SRC\IDE\VC10\DEBUG\PEER.OBJ
C:\USERS\MUAHOATRAM\DESKTOP\SUPERTUXKART\SRC\IDE\VC10\DEBUG\PER_CAMERA_NODE.OBJ
C:\USERS\MUAHOATRAM\DESKTOP\SUPERTUXKART\SRC\IDE\VC10\DEBUG\PHYSICAL_OBJECT.OBJ
C:\USERS\MUAHOATRAM\DESKTOP\SUPERTUXKART\SRC\IDE\VC10\DEBUG\PHYSICS.OBJ
C:\USERS\MUAHOATRAM\DESKTOP\SUPERTUXKART\SRC\IDE\VC10\DEBUG\PLAYER.OBJ
C:\USERS\MUAHOATRAM\DESKTOP\SUPERTUXKART\SRC\IDE\VC10\DEBUG\PLAYER_CONTROLLER.OBJ
C:\USERS\MUAHOATRAM\DESKTOP\SUPERTUXKART\SRC\IDE\VC10\DEBUG\PLAYER_INFO_DIALOG.OBJ
C:\USERS\MUAHOATRAM\DESKTOP\SUPERTUXKART\SRC\IDE\VC10\DEBUG\PLUNGER.OBJ
C:\USERS\MUAHOATRAM\DESKTOP\SUPERTUXKART\SRC\IDE\VC10\DEBUG\PLURAL_FORMS.OBJ
C:\USERS\MUAHOATRAM\DESKTOP\SUPERTUXKART\SRC\IDE\VC10\DEBUG\PO_PARSER.OBJ
C:\USERS\MUAHOATRAM\DESKTOP\SUPERTUXKART\SRC\IDE\VC10\DEBUG\POST_PROCESSING.OBJ
C:\USERS\MUAHOATRAM\DESKTOP\SUPERTUXKART\SRC\IDE\VC10\DEBUG\POWERUP.OBJ
C:\USERS\MUAHOATRAM\DESKTOP\SUPERTUXKART\SRC\IDE\VC10\DEBUG\POWERUP_MANAGER.OBJ
C:\USERS\MUAHOATRAM\DESKTOP\SUPERTUXKART\SRC\IDE\VC10\DEBUG\PRESS_A_KEY_DIALOG.OBJ
C:\USERS\MUAHOATRAM\DESKTOP\SUPERTUXKART\SRC\IDE\VC10\DEBUG\PROFILE_WORLD.OBJ
C:\USERS\MUAHOATRAM\DESKTOP\SUPERTUXKART\SRC\IDE\VC10\DEBUG\PROFILER.OBJ
C:\USERS\MUAHOATRAM\DESKTOP\SUPERTUXKART\SRC\IDE\VC10\DEBUG\PROGRESS_BAR_WIDGET.OBJ
C:\USERS\MUAHOATRAM\DESKTOP\SUPERTUXKART\SRC\IDE\VC10\DEBUG\PROJECTILE_MANAGER.OBJ
C:\USERS\MUAHOATRAM\DESKTOP\SUPERTUXKART\SRC\IDE\VC10\DEBUG\PROTOCOL.OBJ
C:\USERS\MUAHOATRAM\DESKTOP\SUPERTUXKART\SRC\IDE\VC10\DEBUG\QUAD.OBJ
C:\USERS\MUAHOATRAM\DESKTOP\SUPERTUXKART\SRC\IDE\VC10\DEBUG\QUAD_GRAPH.OBJ
C:\USERS\MUAHOATRAM\DESKTOP\SUPERTUXKART\SRC\IDE\VC10\DEBUG\QUAD_SET.OBJ
C:\USERS\MUAHOATRAM\DESKTOP\SUPERTUXKART\SRC\IDE\VC10\DEBUG\RACE_GUI.OBJ
C:\USERS\MUAHOATRAM\DESKTOP\SUPERTUXKART\SRC\IDE\VC10\DEBUG\RACE_GUI_BASE.OBJ
C:\USERS\MUAHOATRAM\DESKTOP\SUPERTUXKART\SRC\IDE\VC10\DEBUG\RACE_GUI_OVERWORLD.OBJ
C:\USERS\MUAHOATRAM\DESKTOP\SUPERTUXKART\SRC\IDE\VC10\DEBUG\RACE_INFO_MESSAGE.OBJ
C:\USERS\MUAHOATRAM\DESKTOP\SUPERTUXKART\SRC\IDE\VC10\DEBUG\RACE_MANAGER.OBJ
C:\USERS\MUAHOATRAM\DESKTOP\SUPERTUXKART\SRC\IDE\VC10\DEBUG\RACE_OVER_DIALOG.OBJ
C:\USERS\MUAHOATRAM\DESKTOP\SUPERTUXKART\SRC\IDE\VC10\DEBUG\RACE_PAUSED_DIALOG.OBJ
C:\USERS\MUAHOATRAM\DESKTOP\SUPERTUXKART\SRC\IDE\VC10\DEBUG\RACE_RESULT_GUI.OBJ
C:\USERS\MUAHOATRAM\DESKTOP\SUPERTUXKART\SRC\IDE\VC10\DEBUG\RACE_RESULT_MESSAGE.OBJ
C:\USERS\MUAHOATRAM\DESKTOP\SUPERTUXKART\SRC\IDE\VC10\DEBUG\RACE_SETUP_SCREEN.OBJ
C:\USERS\MUAHOATRAM\DESKTOP\SUPERTUXKART\SRC\IDE\VC10\DEBUG\RACE_STATE.OBJ
C:\USERS\MUAHOATRAM\DESKTOP\SUPERTUXKART\SRC\IDE\VC10\DEBUG\RAIN.OBJ
C:\USERS\MUAHOATRAM\DESKTOP\SUPERTUXKART\SRC\IDE\VC10\DEBUG\RANDOM_GENERATOR.OBJ
C:\Users\muahoatram\Desktop\supertuxkart\src\ide\vc10\debug\rc.command.1.tlog
C:\Users\muahoatram\Desktop\supertuxkart\src\ide\vc10\debug\rc.read.1.tlog
C:\Users\muahoatram\Desktop\supertuxkart\src\ide\vc10\debug\rc.write.1.tlog
C:\USERS\MUAHOATRAM\DESKTOP\SUPERTUXKART\SRC\IDE\VC10\DEBUG\REFEREE.OBJ
C:\USERS\MUAHOATRAM\DESKTOP\SUPERTUXKART\SRC\IDE\VC10\DEBUG\REPLAY_BASE.OBJ
C:\USERS\MUAHOATRAM\DESKTOP\SUPERTUXKART\SRC\IDE\VC10\DEBUG\REPLAY_PLAY.OBJ
C:\USERS\MUAHOATRAM\DESKTOP\SUPERTUXKART\SRC\IDE\VC10\DEBUG\REPLAY_RECORDER.OBJ
C:\USERS\MUAHOATRAM\DESKTOP\SUPERTUXKART\SRC\IDE\VC10\DEBUG\REQUEST.OBJ
C:\USERS\MUAHOATRAM\DESKTOP\SUPERTUXKART\SRC\IDE\VC10\DEBUG\RESCUE_ANIMATION.OBJ
C:\USERS\MUAHOATRAM\DESKTOP\SUPERTUXKART\SRC\IDE\VC10\DEBUG\RIBBON_WIDGET.OBJ
C:\USERS\MUAHOATRAM\DESKTOP\SUPERTUXKART\SRC\IDE\VC10\DEBUG\RUBBER_BALL.OBJ
C:\USERS\MUAHOATRAM\DESKTOP\SUPERTUXKART\SRC\IDE\VC10\DEBUG\RUBBER_BAND.OBJ
C:\USERS\MUAHOATRAM\DESKTOP\SUPERTUXKART\SRC\IDE\VC10\DEBUG\SCALABLE_FONT.OBJ
C:\USERS\MUAHOATRAM\DESKTOP\SUPERTUXKART\SRC\IDE\VC10\DEBUG\SCREEN.OBJ
C:\USERS\MUAHOATRAM\DESKTOP\SUPERTUXKART\SRC\IDE\VC10\DEBUG\SCREEN_LOADER.OBJ
C:\USERS\MUAHOATRAM\DESKTOP\SUPERTUXKART\SRC\IDE\VC10\DEBUG\SELECT_CHALLENGE.OBJ
C:\USERS\MUAHOATRAM\DESKTOP\SUPERTUXKART\SRC\IDE\VC10\DEBUG\SFX_BUFFER.OBJ
C:\USERS\MUAHOATRAM\DESKTOP\SUPERTUXKART\SRC\IDE\VC10\DEBUG\SFX_MANAGER.OBJ
C:\USERS\MUAHOATRAM\DESKTOP\SUPERTUXKART\SRC\IDE\VC10\DEBUG\SFX_OPENAL.OBJ
C:\USERS\MUAHOATRAM\DESKTOP\SUPERTUXKART\SRC\IDE\VC10\DEBUG\SHADOW.OBJ
C:\USERS\MUAHOATRAM\DESKTOP\SUPERTUXKART\SRC\IDE\VC10\DEBUG\SHOW_CURVE.OBJ
C:\USERS\MUAHOATRAM\DESKTOP\SUPERTUXKART\SRC\IDE\VC10\DEBUG\SKID_MARKS.OBJ
C:\USERS\MUAHOATRAM\DESKTOP\SUPERTUXKART\SRC\IDE\VC10\DEBUG\SKIDDING.OBJ
C:\USERS\MUAHOATRAM\DESKTOP\SUPERTUXKART\SRC\IDE\VC10\DEBUG\SKIDDING_AI.OBJ
C:\USERS\MUAHOATRAM\DESKTOP\SUPERTUXKART\SRC\IDE\VC10\DEBUG\SKIDDING_PROPERTIES.OBJ
C:\USERS\MUAHOATRAM\DESKTOP\SUPERTUXKART\SRC\IDE\VC10\DEBUG\SKIN.OBJ
C:\USERS\MUAHOATRAM\DESKTOP\SUPERTUXKART\SRC\IDE\VC10\DEBUG\SLIP_STREAM.OBJ
C:\USERS\MUAHOATRAM\DESKTOP\SUPERTUXKART\SRC\IDE\VC10\DEBUG\SPHERETRIANGLEDETECTOR.OBJ
C:\USERS\MUAHOATRAM\DESKTOP\SUPERTUXKART\SRC\IDE\VC10\DEBUG\SPINNER_WIDGET.OBJ
C:\USERS\MUAHOATRAM\DESKTOP\SUPERTUXKART\SRC\IDE\VC10\DEBUG\STANDARD_RACE.OBJ
C:\USERS\MUAHOATRAM\DESKTOP\SUPERTUXKART\SRC\IDE\VC10\DEBUG\STARS.OBJ
C:\USERS\MUAHOATRAM\DESKTOP\SUPERTUXKART\SRC\IDE\VC10\DEBUG\STATE_MANAGER.OBJ
C:\USERS\MUAHOATRAM\DESKTOP\SUPERTUXKART\SRC\IDE\VC10\DEBUG\STK_CONFIG.OBJ
C:\USERS\MUAHOATRAM\DESKTOP\SUPERTUXKART\SRC\IDE\VC10\DEBUG\STK_FILE_SYSTEM.OBJ
C:\USERS\MUAHOATRAM\DESKTOP\SUPERTUXKART\SRC\IDE\VC10\DEBUG\STORY_MODE_LOBBY.OBJ
C:\USERS\MUAHOATRAM\DESKTOP\SUPERTUXKART\SRC\IDE\VC10\DEBUG\STRING_UTILS.OBJ
C:\Users\muahoatram\Desktop\supertuxkart\src\ide\vc10\debug\supertuxkart.write.1.tlog
C:\USERS\MUAHOATRAM\DESKTOP\SUPERTUXKART\SRC\IDE\VC10\DEBUG\SUPERTUXKART_D.EXE.EMBED.MANIFEST
C:\USERS\MUAHOATRAM\DESKTOP\SUPERTUXKART\SRC\IDE\VC10\DEBUG\SUPERTUXKART_D.EXE.EMBED.MANIFEST.RES
C:\USERS\MUAHOATRAM\DESKTOP\SUPERTUXKART\SRC\IDE\VC10\DEBUG\SUPERTUXKART_D.EXE.INTERMEDIATE.MANIFEST
C:\Users\muahoatram\Desktop\supertuxkart\src\ide\vc10\debug\supertuxkart_d_manifest.rc
C:\USERS\MUAHOATRAM\DESKTOP\SUPERTUXKART\SRC\IDE\VC10\DEBUG\SWATTER.OBJ
C:\USERS\MUAHOATRAM\DESKTOP\SUPERTUXKART\SRC\IDE\VC10\DEBUG\TERRAIN_INFO.OBJ
C:\USERS\MUAHOATRAM\DESKTOP\SUPERTUXKART\SRC\IDE\VC10\DEBUG\TEXT_BOX_WIDGET.OBJ
C:\USERS\MUAHOATRAM\DESKTOP\SUPERTUXKART\SRC\IDE\VC10\DEBUG\THREE_D_ANIMATION.OBJ
C:\USERS\MUAHOATRAM\DESKTOP\SUPERTUXKART\SRC\IDE\VC10\DEBUG\THREE_STRIKES_BATTLE.OBJ
C:\USERS\MUAHOATRAM\DESKTOP\SUPERTUXKART\SRC\IDE\VC10\DEBUG\TINYGETTEXT.OBJ
C:\USERS\MUAHOATRAM\DESKTOP\SUPERTUXKART\SRC\IDE\VC10\DEBUG\TRACK.OBJ
C:\USERS\MUAHOATRAM\DESKTOP\SUPERTUXKART\SRC\IDE\VC10\DEBUG\TRACK_INFO_DIALOG.OBJ
C:\USERS\MUAHOATRAM\DESKTOP\SUPERTUXKART\SRC\IDE\VC10\DEBUG\TRACK_MANAGER.OBJ
C:\USERS\MUAHOATRAM\DESKTOP\SUPERTUXKART\SRC\IDE\VC10\DEBUG\TRACK_OBJECT.OBJ
C:\USERS\MUAHOATRAM\DESKTOP\SUPERTUXKART\SRC\IDE\VC10\DEBUG\TRACK_OBJECT_MANAGER.OBJ
C:\USERS\MUAHOATRAM\DESKTOP\SUPERTUXKART\SRC\IDE\VC10\DEBUG\TRACK_SECTOR.OBJ
C:\USERS\MUAHOATRAM\DESKTOP\SUPERTUXKART\SRC\IDE\VC10\DEBUG\TRACKS_SCREEN.OBJ
C:\USERS\MUAHOATRAM\DESKTOP\SUPERTUXKART\SRC\IDE\VC10\DEBUG\TRANSLATION.OBJ
C:\USERS\MUAHOATRAM\DESKTOP\SUPERTUXKART\SRC\IDE\VC10\DEBUG\TRIANGLE_MESH.OBJ
C:\USERS\MUAHOATRAM\DESKTOP\SUPERTUXKART\SRC\IDE\VC10\DEBUG\TUTORIAL.OBJ
C:\USERS\MUAHOATRAM\DESKTOP\SUPERTUXKART\SRC\IDE\VC10\DEBUG\TUTORIAL_DATA.OBJ
C:\USERS\MUAHOATRAM\DESKTOP\SUPERTUXKART\SRC\IDE\VC10\DEBUG\TUTORIAL_MANAGER.OBJ
C:\USERS\MUAHOATRAM\DESKTOP\SUPERTUXKART\SRC\IDE\VC10\DEBUG\TUTORIAL_RACE.OBJ
C:\USERS\MUAHOATRAM\DESKTOP\SUPERTUXKART\SRC\IDE\VC10\DEBUG\TUTORIAL_SCREEN.OBJ
C:\USERS\MUAHOATRAM\DESKTOP\SUPERTUXKART\SRC\IDE\VC10\DEBUG\UNIX.OBJ
C:\USERS\MUAHOATRAM\DESKTOP\SUPERTUXKART\SRC\IDE\VC10\DEBUG\UNLOCK_MANAGER.OBJ
C:\USERS\MUAHOATRAM\DESKTOP\SUPERTUXKART\SRC\IDE\VC10\DEBUG\USER_CONFIG.OBJ
C:\Users\muahoatram\Desktop\supertuxkart\src\ide\vc10\debug\vc100.idb
C:\USERS\MUAHOATRAM\DESKTOP\SUPERTUXKART\SRC\IDE\VC10\DEBUG\VC100.PDB
C:\USERS\MUAHOATRAM\DESKTOP\SUPERTUXKART\SRC\IDE\VC10\DEBUG\VEC3.OBJ
C:\USERS\MUAHOATRAM\DESKTOP\SUPERTUXKART\SRC\IDE\VC10\DEBUG\WIDGET.OBJ
C:\USERS\MUAHOATRAM\DESKTOP\SUPERTUXKART\SRC\IDE\VC10\DEBUG\WIN32.OBJ
C:\USERS\MUAHOATRAM\DESKTOP\SUPERTUXKART\SRC\IDE\VC10\DEBUG\WORLD.OBJ
C:\USERS\MUAHOATRAM\DESKTOP\SUPERTUXKART\SRC\IDE\VC10\DEBUG\WORLD_STATUS.OBJ
C:\USERS\MUAHOATRAM\DESKTOP\SUPERTUXKART\SRC\IDE\VC10\DEBUG\WORLD_WITH_RANK.OBJ
C:\USERS\MUAHOATRAM\DESKTOP\SUPERTUXKART\SRC\IDE\VC10\DEBUG\XML_NODE.OBJ
C:\USERS\MUAHOATRAM\DESKTOP\SUPERTUXKART\SRC\IDE\VC10\DEBUG\XML_WRITER.OBJ
C:\USERS\MUAHOATRAM\DESKTOP\SUPERTUXKART\SRC\IDE\VC10\DEBUG\ZIP.OBJ
C:\USERS\MUAHOATRAM\DESKTOP\SUPERTUXKART\SUPERTUXKART_D.EXE
C:\USERS\MUAHOATRAM\DESKTOP\SUPERTUXKART\SUPERTUXKART_D.ILK
C:\USERS\MUAHOATRAM\DESKTOP\SUPERTUXKART\SUPERTUXKART_D.PDB
